Initializing the doom.
Gtk-Message: 20:46:45.928: Failed to load module "canberra-gtk-module"
Doom is initialized.
2019-02-17 20:46:46.104552: I tensorflow/core/platform/cpu_feature_guard.cc:140] Your CPU supports instructions that this TensorFlow binary was not compiled to use: AVX2 FMA
2019-02-17 20:46:46.197924: I tensorflow/stream_executor/cuda/cuda_gpu_executor.cc:898] successful NUMA node read from SysFS had negative value (-1), but there must be at least one NUMA node, so returning NUMA node zero
2019-02-17 20:46:46.198471: I tensorflow/core/common_runtime/gpu/gpu_device.cc:1356] Found device 0 with properties: 
name: Quadro P1000 major: 6 minor: 1 memoryClockRate(GHz): 1.5185
pciBusID: 0000:01:00.0
totalMemory: 3.94GiB freeMemory: 3.38GiB
2019-02-17 20:46:46.198485: I tensorflow/core/common_runtime/gpu/gpu_device.cc:1435] Adding visible gpu devices: 0
2019-02-17 20:46:46.375647: I tensorflow/core/common_runtime/gpu/gpu_device.cc:923] Device interconnect StreamExecutor with strength 1 edge matrix:
2019-02-17 20:46:46.375685: I tensorflow/core/common_runtime/gpu/gpu_device.cc:929]      0 
2019-02-17 20:46:46.375694: I tensorflow/core/common_runtime/gpu/gpu_device.cc:942] 0:   N 
2019-02-17 20:46:46.375868: I tensorflow/core/common_runtime/gpu/gpu_device.cc:1053] Created TensorFlow device (/job:localhost/replica:0/task:0/device:GPU:0 with 3105 MB memory) -> physical GPU (device: 0, name: Quadro P1000, pci bus id: 0000:01:00.0, compute capability: 6.1)
Training Using Multimodal
Training Iteration 1, using Multimodal
/home/woubie/.local/lib/python3.6/site-packages/skimage/transform/_warps.py:105: UserWarning: The default mode, 'constant', will be changed to 'reflect' in skimage 0.15.
  warn("The default mode, 'constant', will be changed to 'reflect' in "
/home/woubie/.local/lib/python3.6/site-packages/skimage/transform/_warps.py:110: UserWarning: Anti-aliasing will be enabled by default in skimage 0.15 to avoid aliasing artifacts when down-sampling images.
  warn("Anti-aliasing will be enabled by default in skimage 0.15 to "
Steps: 4000/600000 Episodes: 26 Rewards: mean: 0.46, std: 0.50, min: 0.00, max: 1.00
Steps: 8000/600000 Episodes: 30 Rewards: mean: 0.53, std: 0.50, min: 0.00, max: 1.00
